<?xml version="1.0" encoding="UTF-8"?>
<!-- Generated by org.testng.reporters.JUnitReportReporter -->
<testsuite hostname="DESKTOP-IDG67LD" failures="0" tests="1" name="pkg_one.open_google_search" time="5.568" errors="0" timestamp="2020-03-20T00:41:46 ICT" skipped="0">
  <testcase classname="pkg_one.open_google_search" name="openGG" time="5.568"/>
  <system-out/>
</testsuite> <!-- pkg_one.open_google_search -->
